<?xml version="1.0" encoding="UTF-8"?>
<testsuite name="com.aws.app.AwsEc2DemoApplicationTests" tests="1" skipped="0" failures="0" errors="0" timestamp="2024-02-28T08:41:55" hostname="T3554" time="1.378">
  <properties/>
  <testcase name="contextLoads()" classname="com.aws.app.AwsEc2DemoApplicationTests" time="1.378"/>
  <system-out><![CDATA[02:41:43.022 [Test worker] INFO org.springframework.test.context.support.AnnotationConfigContextLoaderUtils -- Could not detect default configuration classes for test class [com.aws.app.AwsEc2DemoApplicationTests]: AwsEc2DemoApplicationTests does not declare any static, non-private, non-final, nested classes annotated with @Configuration.
02:41:43.259 [Test worker] INFO org.springframework.boot.test.context.SpringBootTestContextBootstrapper -- Found @SpringBootConfiguration com.aws.app.AwsEc2DemoApplication for test class com.aws.app.AwsEc2DemoApplicationTests

  .   ____          _            __ _ _
 /\\ / ___'_ __ _ _(_)_ __  __ _ \ \ \ \
( ( )\___ | '_ | '_| | '_ \/ _` | \ \ \ \
 \\/  ___)| |_)| | | | | || (_| |  ) ) ) )
  '  |____| .__|_| |_|_| |_\__, | / / / /
 =========|_|==============|___/=/_/_/_/
 :: Spring Boot ::                (v3.2.3)

2024-02-28T02:41:44.295-06:00  INFO 5652 --- [    Test worker] com.aws.app.AwsEc2DemoApplicationTests   : Starting AwsEc2DemoApplicationTests using Java 17.0.8 with PID 5652 (started by TuX3 in C:\generation\heroku\aws-ec2-demo)
2024-02-28T02:41:44.299-06:00  INFO 5652 --- [    Test worker] com.aws.app.AwsEc2DemoApplicationTests   : No active profile set, falling back to 1 default profile: "default"
2024-02-28T02:41:47.449-06:00  INFO 5652 --- [    Test worker] .s.d.r.c.RepositoryConfigurationDelegate : Bootstrapping Spring Data JPA repositories in DEFAULT mode.
2024-02-28T02:41:47.584-06:00  INFO 5652 --- [    Test worker] .s.d.r.c.RepositoryConfigurationDelegate : Finished Spring Data repository scanning in 113 ms. Found 1 JPA repository interface.
2024-02-28T02:41:48.698-06:00  INFO 5652 --- [    Test worker] com.zaxxer.hikari.HikariDataSource       : HikariPool-1 - Starting...
2024-02-28T02:41:49.155-06:00  INFO 5652 --- [    Test worker] com.zaxxer.hikari.pool.HikariPool        : HikariPool-1 - Added connection conn0: url=jdbc:h2:mem:7bd12ebf-abd1-4b99-99b0-4ccf3b690296 user=SA
2024-02-28T02:41:49.158-06:00  INFO 5652 --- [    Test worker] com.zaxxer.hikari.HikariDataSource       : HikariPool-1 - Start completed.
2024-02-28T02:41:49.280-06:00  INFO 5652 --- [    Test worker] o.hibernate.jpa.internal.util.LogHelper  : HHH000204: Processing PersistenceUnitInfo [name: default]
2024-02-28T02:41:49.457-06:00  INFO 5652 --- [    Test worker] org.hibernate.Version                    : HHH000412: Hibernate ORM core version 6.4.4.Final
2024-02-28T02:41:49.563-06:00  INFO 5652 --- [    Test worker] o.h.c.internal.RegionFactoryInitiator    : HHH000026: Second-level cache disabled
2024-02-28T02:41:50.133-06:00  INFO 5652 --- [    Test worker] o.s.o.j.p.SpringPersistenceUnitInfo      : No LoadTimeWeaver setup: ignoring JPA class transformer
2024-02-28T02:41:52.151-06:00  INFO 5652 --- [    Test worker] o.h.e.t.j.p.i.JtaPlatformInitiator       : HHH000489: No JTA platform available (set 'hibernate.transaction.jta.platform' to enable JTA platform integration)
2024-02-28T02:41:52.179-06:00 DEBUG 5652 --- [    Test worker] org.hibernate.SQL                        : 
    drop table if exists users cascade 
2024-02-28T02:41:52.196-06:00 DEBUG 5652 --- [    Test worker] org.hibernate.SQL                        : 
    create table users (
        active boolean,
        id bigint generated by default as identity,
        password varchar(50) not null,
        firstname varchar(70) not null,
        lastname varchar(70) not null,
        email varchar(100) not null unique,
        primary key (id)
    )
2024-02-28T02:41:52.217-06:00  INFO 5652 --- [    Test worker] j.LocalContainerEntityManagerFactoryBean : Initialized JPA EntityManagerFactory for persistence unit 'default'
2024-02-28T02:41:53.800-06:00  WARN 5652 --- [    Test worker] JpaBaseConfiguration$JpaWebConfiguration : spring.jpa.open-in-view is enabled by default. Therefore, database queries may be performed during view rendering. Explicitly configure spring.jpa.open-in-view to disable this warning
2024-02-28T02:41:53.876-06:00  INFO 5652 --- [    Test worker] o.s.b.a.w.s.WelcomePageHandlerMapping    : Adding welcome page: class path resource [static/index.html]
2024-02-28T02:41:55.169-06:00  INFO 5652 --- [    Test worker] com.aws.app.AwsEc2DemoApplicationTests   : Started AwsEc2DemoApplicationTests in 11.47 seconds (process running for 14.318)
]]></system-out>
  <system-err><![CDATA[]]></system-err>
</testsuite>
